Cloning the remote Git repository
Cloning repository https://github.com/executeautomation/SeleniumWithCucucumber.git
 > git init /home/ec2-user/workspace/first_pipeline # timeout=10
Fetching upstream changes from https://github.com/executeautomation/SeleniumWithCucucumber.git
 > git --version # timeout=10
 > git fetch --tags --progress https://github.com/executeautomation/SeleniumWithCucucumber.git +refs/heads/*:refs/remotes/origin/*
 > git config remote.origin.url https://github.com/executeautomation/SeleniumWithCucucumber.git # timeout=10
 > git config --add remote.origin.fetch +refs/heads/*:refs/remotes/origin/* # timeout=10
 > git config remote.origin.url https://github.com/executeautomation/SeleniumWithCucucumber.git # timeout=10
Fetching upstream changes from https://github.com/executeautomation/SeleniumWithCucucumber.git
 > git fetch --tags --progress https://github.com/executeautomation/SeleniumWithCucucumber.git +refs/heads/*:refs/remotes/origin/*
 > git rev-parse refs/remotes/origin/master^{commit} # timeout=10
 > git rev-parse refs/remotes/origin/origin/master^{commit} # timeout=10
Checking out Revision 168d249acde2a29e730cadf8a2211283409b24fb (refs/remotes/origin/master)
 > git config core.sparsecheckout # timeout=10
 > git checkout -f 168d249acde2a29e730cadf8a2211283409b24fb
 > git branch -a -v --no-abbrev # timeout=10
 > git checkout -b master 168d249acde2a29e730cadf8a2211283409b24fb
Commit message: "Merge pull request #4 from Anaghaprabhu19/patch-2"
First time build. Skipping changelog.
